  main.cpp
c:\kth\xr_exam\xr_exam\main.cpp(350): warning C4244: '인수': 'time_t'에서 'unsigned int'(으)로 변환하면서 데이터가 손실될 수 있습니다.
c:\kth\xr_exam\xr_exam\main.cpp(622): error C2143: 구문 오류: ';'이(가) '*' 앞에 없습니다.
c:\kth\xr_exam\xr_exam\main.cpp(622): error C4430: 형식 지정자가 없습니다. int로 가정합니다. 참고: C++에서는 기본 int를 지원하지 않습니다.
c:\kth\xr_exam\xr_exam\main.cpp(622): error C2238: ';' 앞에 예기치 않은 토큰이 있습니다.
c:\kth\xr_exam\xr_exam\main.cpp(623): error C2143: 구문 오류: ';'이(가) '*' 앞에 없습니다.
c:\kth\xr_exam\xr_exam\main.cpp(623): error C4430: 형식 지정자가 없습니다. int로 가정합니다. 참고: C++에서는 기본 int를 지원하지 않습니다.
c:\kth\xr_exam\xr_exam\main.cpp(623): error C2238: ';' 앞에 예기치 않은 토큰이 있습니다.
c:\kth\xr_exam\xr_exam\main.cpp(643): error C3861: 'User_Insert': 식별자를 찾을 수 없습니다.
c:\kth\xr_exam\xr_exam\main.cpp(646): error C3861: 'User_Delete': 식별자를 찾을 수 없습니다.
c:\kth\xr_exam\xr_exam\main.cpp(649): error C3861: 'User_Print': 식별자를 찾을 수 없습니다.
c:\kth\xr_exam\xr_exam\main.cpp(667): error C2039: 'back': 'Human'의 멤버가 아닙니다.
  c:\kth\xr_exam\xr_exam\main.cpp(617): note: 'Human' 선언을 참조하십시오.
c:\kth\xr_exam\xr_exam\main.cpp(668): error C2039: 'back': 'Human'의 멤버가 아닙니다.
  c:\kth\xr_exam\xr_exam\main.cpp(617): note: 'Human' 선언을 참조하십시오.
c:\kth\xr_exam\xr_exam\main.cpp(671): error C2039: 'back': 'Human'의 멤버가 아닙니다.
  c:\kth\xr_exam\xr_exam\main.cpp(617): note: 'Human' 선언을 참조하십시오.
c:\kth\xr_exam\xr_exam\main.cpp(685): error C2039: 'back': 'Human'의 멤버가 아닙니다.
  c:\kth\xr_exam\xr_exam\main.cpp(617): note: 'Human' 선언을 참조하십시오.
c:\kth\xr_exam\xr_exam\main.cpp(688): error C2039: 'back': 'Human'의 멤버가 아닙니다.
  c:\kth\xr_exam\xr_exam\main.cpp(617): note: 'Human' 선언을 참조하십시오.
c:\kth\xr_exam\xr_exam\main.cpp(693): error C2039: 'back': 'Human'의 멤버가 아닙니다.
  c:\kth\xr_exam\xr_exam\main.cpp(617): note: 'Human' 선언을 참조하십시오.
c:\kth\xr_exam\xr_exam\main.cpp(694): error C2039: 'front': 'Human'의 멤버가 아닙니다.
  c:\kth\xr_exam\xr_exam\main.cpp(617): note: 'Human' 선언을 참조하십시오.
c:\kth\xr_exam\xr_exam\main.cpp(697): error C2039: 'front': 'Human'의 멤버가 아닙니다.
  c:\kth\xr_exam\xr_exam\main.cpp(617): note: 'Human' 선언을 참조하십시오.
c:\kth\xr_exam\xr_exam\main.cpp(697): error C2039: 'back': 'Human'의 멤버가 아닙니다.
  c:\kth\xr_exam\xr_exam\main.cpp(617): note: 'Human' 선언을 참조하십시오.
c:\kth\xr_exam\xr_exam\main.cpp(709): error C2039: 'back': 'Human'의 멤버가 아닙니다.
  c:\kth\xr_exam\xr_exam\main.cpp(617): note: 'Human' 선언을 참조하십시오.
c:\kth\xr_exam\xr_exam\main.cpp(712): error C2039: 'back': 'Human'의 멤버가 아닙니다.
  c:\kth\xr_exam\xr_exam\main.cpp(617): note: 'Human' 선언을 참조하십시오.
